Determining if the pthread_create exist failed with the following output:
Change Dir: /home/sahil/catkin_ws/build_isolated/route_network/CMakeFiles/CMakeTmp

Run Build Command:"/usr/bin/make" "cmTC_94aee/fast"
/usr/bin/make -f CMakeFiles/cmTC_94aee.dir/build.make CMakeFiles/cmTC_94aee.dir/build
make[1]: Entering directory '/home/sahil/catkin_ws/build_isolated/route_network/CMakeFiles/CMakeTmp'
Building C object CMakeFiles/cmTC_94aee.dir/CheckSymbolExists.c.o
/usr/bin/cc     -o CMakeFiles/cmTC_94aee.dir/CheckSymbolExists.c.o   -c /home/sahil/catkin_ws/build_isolated/route_network/CMakeFiles/CMakeTmp/CheckSymbolExists.c
Linking C executable cmTC_94aee
/usr/bin/cmake -E cmake_link_script CMakeFiles/cmTC_94aee.dir/link.txt --verbose=1
/usr/bin/cc       CMakeFiles/cmTC_94aee.dir/CheckSymbolExists.c.o  -o cmTC_94aee -rdynamic 
CMakeFiles/cmTC_94aee.dir/CheckSymbolExists.c.o: In function `main':
CheckSymbolExists.c:(.text+0x16): undefined reference to `pthread_create'
collect2: error: ld returned 1 exit status
CMakeFiles/cmTC_94aee.dir/build.make:97: recipe for target 'cmTC_94aee' failed
make[1]: *** [cmTC_94aee] Error 1
make[1]: Leaving directory '/home/sahil/catkin_ws/build_isolated/route_network/CMakeFiles/CMakeTmp'
Makefile:126: recipe for target 'cmTC_94aee/fast' failed
make: *** [cmTC_94aee/fast] Error 2

File /home/sahil/catkin_ws/build_isolated/route_network/CMakeFiles/CMakeTmp/CheckSymbolExists.c:
/* */
#include <pthread.h>

int main(int argc, char** argv)
{
  (void)argv;
#ifndef pthread_create
  return ((int*)(&pthread_create))[argc];
#else
  (void)argc;
  return 0;
#endif
}

Determining if the function pthread_create exists in the pthreads failed with the following output:
Change Dir: /home/sahil/catkin_ws/build_isolated/route_network/CMakeFiles/CMakeTmp

Run Build Command:"/usr/bin/make" "cmTC_4e2ea/fast"
/usr/bin/make -f CMakeFiles/cmTC_4e2ea.dir/build.make CMakeFiles/cmTC_4e2ea.dir/build
make[1]: Entering directory '/home/sahil/catkin_ws/build_isolated/route_network/CMakeFiles/CMakeTmp'
Building C object CMakeFiles/cmTC_4e2ea.dir/CheckFunctionExists.c.o
/usr/bin/cc    -DCHECK_FUNCTION_EXISTS=pthread_create   -o CMakeFiles/cmTC_4e2ea.dir/CheckFunctionExists.c.o   -c /usr/share/cmake-3.5/Modules/CheckFunctionExists.c
Linking C executable cmTC_4e2ea
/usr/bin/cmake -E cmake_link_script CMakeFiles/cmTC_4e2ea.dir/link.txt --verbose=1
/usr/bin/cc   -DCHECK_FUNCTION_EXISTS=pthread_create    CMakeFiles/cmTC_4e2ea.dir/CheckFunctionExists.c.o  -o cmTC_4e2ea -rdynamic -lpthreads 
/usr/bin/ld: cannot find -lpthreads
collect2: error: ld returned 1 exit status
CMakeFiles/cmTC_4e2ea.dir/build.make:97: recipe for target 'cmTC_4e2ea' failed
make[1]: *** [cmTC_4e2ea] Error 1
make[1]: Leaving directory '/home/sahil/catkin_ws/build_isolated/route_network/CMakeFiles/CMakeTmp'
Makefile:126: recipe for target 'cmTC_4e2ea/fast' failed
make: *** [cmTC_4e2ea/fast] Error 2


