Determining if the pthread_create exist failed with the following output:
Change Dir: /home/sahil/catkin_ws/build_isolated/autoz/CMakeFiles/CMakeTmp

Run Build Command:"/usr/bin/make" "cmTC_ef47b/fast"
/usr/bin/make -f CMakeFiles/cmTC_ef47b.dir/build.make CMakeFiles/cmTC_ef47b.dir/build
make[1]: Entering directory '/home/sahil/catkin_ws/build_isolated/autoz/CMakeFiles/CMakeTmp'
Building C object CMakeFiles/cmTC_ef47b.dir/CheckSymbolExists.c.o
/usr/bin/cc     -o CMakeFiles/cmTC_ef47b.dir/CheckSymbolExists.c.o   -c /home/sahil/catkin_ws/build_isolated/autoz/CMakeFiles/CMakeTmp/CheckSymbolExists.c
Linking C executable cmTC_ef47b
/usr/bin/cmake -E cmake_link_script CMakeFiles/cmTC_ef47b.dir/link.txt --verbose=1
/usr/bin/cc       CMakeFiles/cmTC_ef47b.dir/CheckSymbolExists.c.o  -o cmTC_ef47b -rdynamic 
CMakeFiles/cmTC_ef47b.dir/CheckSymbolExists.c.o: In function `main':
CheckSymbolExists.c:(.text+0x16): undefined reference to `pthread_create'
collect2: error: ld returned 1 exit status
CMakeFiles/cmTC_ef47b.dir/build.make:97: recipe for target 'cmTC_ef47b' failed
make[1]: *** [cmTC_ef47b] Error 1
make[1]: Leaving directory '/home/sahil/catkin_ws/build_isolated/autoz/CMakeFiles/CMakeTmp'
Makefile:126: recipe for target 'cmTC_ef47b/fast' failed
make: *** [cmTC_ef47b/fast] Error 2

File /home/sahil/catkin_ws/build_isolated/autoz/CMakeFiles/CMakeTmp/CheckSymbolExists.c:
/* */
#include <pthread.h>

int main(int argc, char** argv)
{
  (void)argv;
#ifndef pthread_create
  return ((int*)(&pthread_create))[argc];
#else
  (void)argc;
  return 0;
#endif
}

Determining if the function pthread_create exists in the pthreads failed with the following output:
Change Dir: /home/sahil/catkin_ws/build_isolated/autoz/CMakeFiles/CMakeTmp

Run Build Command:"/usr/bin/make" "cmTC_27230/fast"
/usr/bin/make -f CMakeFiles/cmTC_27230.dir/build.make CMakeFiles/cmTC_27230.dir/build
make[1]: Entering directory '/home/sahil/catkin_ws/build_isolated/autoz/CMakeFiles/CMakeTmp'
Building C object CMakeFiles/cmTC_27230.dir/CheckFunctionExists.c.o
/usr/bin/cc    -DCHECK_FUNCTION_EXISTS=pthread_create   -o CMakeFiles/cmTC_27230.dir/CheckFunctionExists.c.o   -c /usr/share/cmake-3.5/Modules/CheckFunctionExists.c
Linking C executable cmTC_27230
/usr/bin/cmake -E cmake_link_script CMakeFiles/cmTC_27230.dir/link.txt --verbose=1
/usr/bin/cc   -DCHECK_FUNCTION_EXISTS=pthread_create    CMakeFiles/cmTC_27230.dir/CheckFunctionExists.c.o  -o cmTC_27230 -rdynamic -lpthreads 
/usr/bin/ld: cannot find -lpthreads
collect2: error: ld returned 1 exit status
CMakeFiles/cmTC_27230.dir/build.make:97: recipe for target 'cmTC_27230' failed
make[1]: *** [cmTC_27230] Error 1
make[1]: Leaving directory '/home/sahil/catkin_ws/build_isolated/autoz/CMakeFiles/CMakeTmp'
Makefile:126: recipe for target 'cmTC_27230/fast' failed
make: *** [cmTC_27230/fast] Error 2


