Determining if the pthread_create exist failed with the following output:
Change Dir: /home/sahil/catkin_ws/build_isolated/rviz_satellite/CMakeFiles/CMakeTmp

Run Build Command:"/usr/bin/make" "cmTC_04201/fast"
/usr/bin/make -f CMakeFiles/cmTC_04201.dir/build.make CMakeFiles/cmTC_04201.dir/build
make[1]: Entering directory '/home/sahil/catkin_ws/build_isolated/rviz_satellite/CMakeFiles/CMakeTmp'
Building C object CMakeFiles/cmTC_04201.dir/CheckSymbolExists.c.o
/usr/bin/cc     -o CMakeFiles/cmTC_04201.dir/CheckSymbolExists.c.o   -c /home/sahil/catkin_ws/build_isolated/rviz_satellite/CMakeFiles/CMakeTmp/CheckSymbolExists.c
Linking C executable cmTC_04201
/usr/bin/cmake -E cmake_link_script CMakeFiles/cmTC_04201.dir/link.txt --verbose=1
/usr/bin/cc       CMakeFiles/cmTC_04201.dir/CheckSymbolExists.c.o  -o cmTC_04201 -rdynamic 
CMakeFiles/cmTC_04201.dir/CheckSymbolExists.c.o: In function `main':
CheckSymbolExists.c:(.text+0x16): undefined reference to `pthread_create'
collect2: error: ld returned 1 exit status
CMakeFiles/cmTC_04201.dir/build.make:97: recipe for target 'cmTC_04201' failed
make[1]: *** [cmTC_04201] Error 1
make[1]: Leaving directory '/home/sahil/catkin_ws/build_isolated/rviz_satellite/CMakeFiles/CMakeTmp'
Makefile:126: recipe for target 'cmTC_04201/fast' failed
make: *** [cmTC_04201/fast] Error 2

File /home/sahil/catkin_ws/build_isolated/rviz_satellite/CMakeFiles/CMakeTmp/CheckSymbolExists.c:
/* */
#include <pthread.h>

int main(int argc, char** argv)
{
  (void)argv;
#ifndef pthread_create
  return ((int*)(&pthread_create))[argc];
#else
  (void)argc;
  return 0;
#endif
}

Determining if the function pthread_create exists in the pthreads failed with the following output:
Change Dir: /home/sahil/catkin_ws/build_isolated/rviz_satellite/CMakeFiles/CMakeTmp

Run Build Command:"/usr/bin/make" "cmTC_1576a/fast"
/usr/bin/make -f CMakeFiles/cmTC_1576a.dir/build.make CMakeFiles/cmTC_1576a.dir/build
make[1]: Entering directory '/home/sahil/catkin_ws/build_isolated/rviz_satellite/CMakeFiles/CMakeTmp'
Building C object CMakeFiles/cmTC_1576a.dir/CheckFunctionExists.c.o
/usr/bin/cc    -DCHECK_FUNCTION_EXISTS=pthread_create   -o CMakeFiles/cmTC_1576a.dir/CheckFunctionExists.c.o   -c /usr/share/cmake-3.5/Modules/CheckFunctionExists.c
Linking C executable cmTC_1576a
/usr/bin/cmake -E cmake_link_script CMakeFiles/cmTC_1576a.dir/link.txt --verbose=1
/usr/bin/cc   -DCHECK_FUNCTION_EXISTS=pthread_create    CMakeFiles/cmTC_1576a.dir/CheckFunctionExists.c.o  -o cmTC_1576a -rdynamic -lpthreads 
/usr/bin/ld: cannot find -lpthreads
collect2: error: ld returned 1 exit status
CMakeFiles/cmTC_1576a.dir/build.make:97: recipe for target 'cmTC_1576a' failed
make[1]: *** [cmTC_1576a] Error 1
make[1]: Leaving directory '/home/sahil/catkin_ws/build_isolated/rviz_satellite/CMakeFiles/CMakeTmp'
Makefile:126: recipe for target 'cmTC_1576a/fast' failed
make: *** [cmTC_1576a/fast] Error 2


