Determining if the pthread_create exist failed with the following output:
Change Dir: /home/sahil/catkin_ws/build_isolated/ddynamic_reconfigure/CMakeFiles/CMakeTmp

Run Build Command:"/usr/bin/make" "cmTC_545f4/fast"
/usr/bin/make -f CMakeFiles/cmTC_545f4.dir/build.make CMakeFiles/cmTC_545f4.dir/build
make[1]: Entering directory '/home/sahil/catkin_ws/build_isolated/ddynamic_reconfigure/CMakeFiles/CMakeTmp'
Building C object CMakeFiles/cmTC_545f4.dir/CheckSymbolExists.c.o
/usr/bin/cc     -o CMakeFiles/cmTC_545f4.dir/CheckSymbolExists.c.o   -c /home/sahil/catkin_ws/build_isolated/ddynamic_reconfigure/CMakeFiles/CMakeTmp/CheckSymbolExists.c
Linking C executable cmTC_545f4
/usr/bin/cmake -E cmake_link_script CMakeFiles/cmTC_545f4.dir/link.txt --verbose=1
/usr/bin/cc       CMakeFiles/cmTC_545f4.dir/CheckSymbolExists.c.o  -o cmTC_545f4 -rdynamic 
CMakeFiles/cmTC_545f4.dir/CheckSymbolExists.c.o: In function `main':
CheckSymbolExists.c:(.text+0x16): undefined reference to `pthread_create'
collect2: error: ld returned 1 exit status
CMakeFiles/cmTC_545f4.dir/build.make:97: recipe for target 'cmTC_545f4' failed
make[1]: *** [cmTC_545f4] Error 1
make[1]: Leaving directory '/home/sahil/catkin_ws/build_isolated/ddynamic_reconfigure/CMakeFiles/CMakeTmp'
Makefile:126: recipe for target 'cmTC_545f4/fast' failed
make: *** [cmTC_545f4/fast] Error 2

File /home/sahil/catkin_ws/build_isolated/ddynamic_reconfigure/CMakeFiles/CMakeTmp/CheckSymbolExists.c:
/* */
#include <pthread.h>

int main(int argc, char** argv)
{
  (void)argv;
#ifndef pthread_create
  return ((int*)(&pthread_create))[argc];
#else
  (void)argc;
  return 0;
#endif
}

Determining if the function pthread_create exists in the pthreads failed with the following output:
Change Dir: /home/sahil/catkin_ws/build_isolated/ddynamic_reconfigure/CMakeFiles/CMakeTmp

Run Build Command:"/usr/bin/make" "cmTC_8a39f/fast"
/usr/bin/make -f CMakeFiles/cmTC_8a39f.dir/build.make CMakeFiles/cmTC_8a39f.dir/build
make[1]: Entering directory '/home/sahil/catkin_ws/build_isolated/ddynamic_reconfigure/CMakeFiles/CMakeTmp'
Building C object CMakeFiles/cmTC_8a39f.dir/CheckFunctionExists.c.o
/usr/bin/cc    -DCHECK_FUNCTION_EXISTS=pthread_create   -o CMakeFiles/cmTC_8a39f.dir/CheckFunctionExists.c.o   -c /usr/share/cmake-3.5/Modules/CheckFunctionExists.c
Linking C executable cmTC_8a39f
/usr/bin/cmake -E cmake_link_script CMakeFiles/cmTC_8a39f.dir/link.txt --verbose=1
/usr/bin/cc   -DCHECK_FUNCTION_EXISTS=pthread_create    CMakeFiles/cmTC_8a39f.dir/CheckFunctionExists.c.o  -o cmTC_8a39f -rdynamic -lpthreads 
/usr/bin/ld: cannot find -lpthreads
collect2: error: ld returned 1 exit status
CMakeFiles/cmTC_8a39f.dir/build.make:97: recipe for target 'cmTC_8a39f' failed
make[1]: *** [cmTC_8a39f] Error 1
make[1]: Leaving directory '/home/sahil/catkin_ws/build_isolated/ddynamic_reconfigure/CMakeFiles/CMakeTmp'
Makefile:126: recipe for target 'cmTC_8a39f/fast' failed
make: *** [cmTC_8a39f/fast] Error 2


