Determining if the pthread_create exist failed with the following output:
Change Dir: /home/sahil/catkin_ws/build_isolated/chefbot_description/CMakeFiles/CMakeTmp

Run Build Command:"/usr/bin/make" "cmTC_2832c/fast"
/usr/bin/make -f CMakeFiles/cmTC_2832c.dir/build.make CMakeFiles/cmTC_2832c.dir/build
make[1]: Entering directory '/home/sahil/catkin_ws/build_isolated/chefbot_description/CMakeFiles/CMakeTmp'
Building C object CMakeFiles/cmTC_2832c.dir/CheckSymbolExists.c.o
/usr/bin/cc     -o CMakeFiles/cmTC_2832c.dir/CheckSymbolExists.c.o   -c /home/sahil/catkin_ws/build_isolated/chefbot_description/CMakeFiles/CMakeTmp/CheckSymbolExists.c
Linking C executable cmTC_2832c
/usr/bin/cmake -E cmake_link_script CMakeFiles/cmTC_2832c.dir/link.txt --verbose=1
/usr/bin/cc       CMakeFiles/cmTC_2832c.dir/CheckSymbolExists.c.o  -o cmTC_2832c -rdynamic 
CMakeFiles/cmTC_2832c.dir/CheckSymbolExists.c.o: In function `main':
CheckSymbolExists.c:(.text+0x16): undefined reference to `pthread_create'
collect2: error: ld returned 1 exit status
CMakeFiles/cmTC_2832c.dir/build.make:97: recipe for target 'cmTC_2832c' failed
make[1]: *** [cmTC_2832c] Error 1
make[1]: Leaving directory '/home/sahil/catkin_ws/build_isolated/chefbot_description/CMakeFiles/CMakeTmp'
Makefile:126: recipe for target 'cmTC_2832c/fast' failed
make: *** [cmTC_2832c/fast] Error 2

File /home/sahil/catkin_ws/build_isolated/chefbot_description/CMakeFiles/CMakeTmp/CheckSymbolExists.c:
/* */
#include <pthread.h>

int main(int argc, char** argv)
{
  (void)argv;
#ifndef pthread_create
  return ((int*)(&pthread_create))[argc];
#else
  (void)argc;
  return 0;
#endif
}

Determining if the function pthread_create exists in the pthreads failed with the following output:
Change Dir: /home/sahil/catkin_ws/build_isolated/chefbot_description/CMakeFiles/CMakeTmp

Run Build Command:"/usr/bin/make" "cmTC_5ea79/fast"
/usr/bin/make -f CMakeFiles/cmTC_5ea79.dir/build.make CMakeFiles/cmTC_5ea79.dir/build
make[1]: Entering directory '/home/sahil/catkin_ws/build_isolated/chefbot_description/CMakeFiles/CMakeTmp'
Building C object CMakeFiles/cmTC_5ea79.dir/CheckFunctionExists.c.o
/usr/bin/cc    -DCHECK_FUNCTION_EXISTS=pthread_create   -o CMakeFiles/cmTC_5ea79.dir/CheckFunctionExists.c.o   -c /usr/share/cmake-3.5/Modules/CheckFunctionExists.c
Linking C executable cmTC_5ea79
/usr/bin/cmake -E cmake_link_script CMakeFiles/cmTC_5ea79.dir/link.txt --verbose=1
/usr/bin/cc   -DCHECK_FUNCTION_EXISTS=pthread_create    CMakeFiles/cmTC_5ea79.dir/CheckFunctionExists.c.o  -o cmTC_5ea79 -rdynamic -lpthreads 
/usr/bin/ld: cannot find -lpthreads
collect2: error: ld returned 1 exit status
CMakeFiles/cmTC_5ea79.dir/build.make:97: recipe for target 'cmTC_5ea79' failed
make[1]: *** [cmTC_5ea79] Error 1
make[1]: Leaving directory '/home/sahil/catkin_ws/build_isolated/chefbot_description/CMakeFiles/CMakeTmp'
Makefile:126: recipe for target 'cmTC_5ea79/fast' failed
make: *** [cmTC_5ea79/fast] Error 2


