Determining if the pthread_create exist failed with the following output:
Change Dir: /home/sahil/catkin_ws/build_isolated/rosserial_server/CMakeFiles/CMakeTmp

Run Build Command:"/usr/bin/make" "cmTC_72a2c/fast"
/usr/bin/make -f CMakeFiles/cmTC_72a2c.dir/build.make CMakeFiles/cmTC_72a2c.dir/build
make[1]: Entering directory '/home/sahil/catkin_ws/build_isolated/rosserial_server/CMakeFiles/CMakeTmp'
Building C object CMakeFiles/cmTC_72a2c.dir/CheckSymbolExists.c.o
/usr/bin/cc     -o CMakeFiles/cmTC_72a2c.dir/CheckSymbolExists.c.o   -c /home/sahil/catkin_ws/build_isolated/rosserial_server/CMakeFiles/CMakeTmp/CheckSymbolExists.c
Linking C executable cmTC_72a2c
/usr/bin/cmake -E cmake_link_script CMakeFiles/cmTC_72a2c.dir/link.txt --verbose=1
/usr/bin/cc       CMakeFiles/cmTC_72a2c.dir/CheckSymbolExists.c.o  -o cmTC_72a2c -rdynamic 
CMakeFiles/cmTC_72a2c.dir/CheckSymbolExists.c.o: In function `main':
CheckSymbolExists.c:(.text+0x16): undefined reference to `pthread_create'
collect2: error: ld returned 1 exit status
CMakeFiles/cmTC_72a2c.dir/build.make:97: recipe for target 'cmTC_72a2c' failed
make[1]: *** [cmTC_72a2c] Error 1
make[1]: Leaving directory '/home/sahil/catkin_ws/build_isolated/rosserial_server/CMakeFiles/CMakeTmp'
Makefile:126: recipe for target 'cmTC_72a2c/fast' failed
make: *** [cmTC_72a2c/fast] Error 2

File /home/sahil/catkin_ws/build_isolated/rosserial_server/CMakeFiles/CMakeTmp/CheckSymbolExists.c:
/* */
#include <pthread.h>

int main(int argc, char** argv)
{
  (void)argv;
#ifndef pthread_create
  return ((int*)(&pthread_create))[argc];
#else
  (void)argc;
  return 0;
#endif
}

Determining if the function pthread_create exists in the pthreads failed with the following output:
Change Dir: /home/sahil/catkin_ws/build_isolated/rosserial_server/CMakeFiles/CMakeTmp

Run Build Command:"/usr/bin/make" "cmTC_a5a4b/fast"
/usr/bin/make -f CMakeFiles/cmTC_a5a4b.dir/build.make CMakeFiles/cmTC_a5a4b.dir/build
make[1]: Entering directory '/home/sahil/catkin_ws/build_isolated/rosserial_server/CMakeFiles/CMakeTmp'
Building C object CMakeFiles/cmTC_a5a4b.dir/CheckFunctionExists.c.o
/usr/bin/cc    -DCHECK_FUNCTION_EXISTS=pthread_create   -o CMakeFiles/cmTC_a5a4b.dir/CheckFunctionExists.c.o   -c /usr/share/cmake-3.5/Modules/CheckFunctionExists.c
Linking C executable cmTC_a5a4b
/usr/bin/cmake -E cmake_link_script CMakeFiles/cmTC_a5a4b.dir/link.txt --verbose=1
/usr/bin/cc   -DCHECK_FUNCTION_EXISTS=pthread_create    CMakeFiles/cmTC_a5a4b.dir/CheckFunctionExists.c.o  -o cmTC_a5a4b -rdynamic -lpthreads 
/usr/bin/ld: cannot find -lpthreads
collect2: error: ld returned 1 exit status
CMakeFiles/cmTC_a5a4b.dir/build.make:97: recipe for target 'cmTC_a5a4b' failed
make[1]: *** [cmTC_a5a4b] Error 1
make[1]: Leaving directory '/home/sahil/catkin_ws/build_isolated/rosserial_server/CMakeFiles/CMakeTmp'
Makefile:126: recipe for target 'cmTC_a5a4b/fast' failed
make: *** [cmTC_a5a4b/fast] Error 2


