Determining if the pthread_create exist failed with the following output:
Change Dir: /home/sahil/catkin_ws/build_isolated/rosserial_tivac/CMakeFiles/CMakeTmp

Run Build Command:"/usr/bin/make" "cmTC_614aa/fast"
/usr/bin/make -f CMakeFiles/cmTC_614aa.dir/build.make CMakeFiles/cmTC_614aa.dir/build
make[1]: Entering directory '/home/sahil/catkin_ws/build_isolated/rosserial_tivac/CMakeFiles/CMakeTmp'
Building C object CMakeFiles/cmTC_614aa.dir/CheckSymbolExists.c.o
/usr/bin/cc     -o CMakeFiles/cmTC_614aa.dir/CheckSymbolExists.c.o   -c /home/sahil/catkin_ws/build_isolated/rosserial_tivac/CMakeFiles/CMakeTmp/CheckSymbolExists.c
Linking C executable cmTC_614aa
/usr/bin/cmake -E cmake_link_script CMakeFiles/cmTC_614aa.dir/link.txt --verbose=1
/usr/bin/cc       CMakeFiles/cmTC_614aa.dir/CheckSymbolExists.c.o  -o cmTC_614aa -rdynamic 
CMakeFiles/cmTC_614aa.dir/CheckSymbolExists.c.o: In function `main':
CheckSymbolExists.c:(.text+0x16): undefined reference to `pthread_create'
collect2: error: ld returned 1 exit status
CMakeFiles/cmTC_614aa.dir/build.make:97: recipe for target 'cmTC_614aa' failed
make[1]: *** [cmTC_614aa] Error 1
make[1]: Leaving directory '/home/sahil/catkin_ws/build_isolated/rosserial_tivac/CMakeFiles/CMakeTmp'
Makefile:126: recipe for target 'cmTC_614aa/fast' failed
make: *** [cmTC_614aa/fast] Error 2

File /home/sahil/catkin_ws/build_isolated/rosserial_tivac/CMakeFiles/CMakeTmp/CheckSymbolExists.c:
/* */
#include <pthread.h>

int main(int argc, char** argv)
{
  (void)argv;
#ifndef pthread_create
  return ((int*)(&pthread_create))[argc];
#else
  (void)argc;
  return 0;
#endif
}

Determining if the function pthread_create exists in the pthreads failed with the following output:
Change Dir: /home/sahil/catkin_ws/build_isolated/rosserial_tivac/CMakeFiles/CMakeTmp

Run Build Command:"/usr/bin/make" "cmTC_40c5c/fast"
/usr/bin/make -f CMakeFiles/cmTC_40c5c.dir/build.make CMakeFiles/cmTC_40c5c.dir/build
make[1]: Entering directory '/home/sahil/catkin_ws/build_isolated/rosserial_tivac/CMakeFiles/CMakeTmp'
Building C object CMakeFiles/cmTC_40c5c.dir/CheckFunctionExists.c.o
/usr/bin/cc    -DCHECK_FUNCTION_EXISTS=pthread_create   -o CMakeFiles/cmTC_40c5c.dir/CheckFunctionExists.c.o   -c /usr/share/cmake-3.5/Modules/CheckFunctionExists.c
Linking C executable cmTC_40c5c
/usr/bin/cmake -E cmake_link_script CMakeFiles/cmTC_40c5c.dir/link.txt --verbose=1
/usr/bin/cc   -DCHECK_FUNCTION_EXISTS=pthread_create    CMakeFiles/cmTC_40c5c.dir/CheckFunctionExists.c.o  -o cmTC_40c5c -rdynamic -lpthreads 
/usr/bin/ld: cannot find -lpthreads
collect2: error: ld returned 1 exit status
CMakeFiles/cmTC_40c5c.dir/build.make:97: recipe for target 'cmTC_40c5c' failed
make[1]: *** [cmTC_40c5c] Error 1
make[1]: Leaving directory '/home/sahil/catkin_ws/build_isolated/rosserial_tivac/CMakeFiles/CMakeTmp'
Makefile:126: recipe for target 'cmTC_40c5c/fast' failed
make: *** [cmTC_40c5c/fast] Error 2


